*** CACHE SETTINGS ***
  Unified I- D-cache
  Size: 	8192
  Associativity: 	1
  Block size: 	16
  Write policy: 	WRITE BACK
  Allocation policy: 	WRITE ALLOCATE
*** SET CACHE SETTINGS ***
  Associativity: 	1
  Block size: 	16
  N_Sets: 	512
  Tag_mask: 	-8192
  Tag_mask_offset: 	19
  Index_mask: 	8176
  Index_mask_offset: 	4

*** CACHE STATISTICS ***
 INSTRUCTIONS
  accesses:  0
  misses:    0
  miss rate: 0 (0)
  replace:   0
 DATA
  accesses:  100
  misses:    31
  miss rate: 0.3100 (hit rate 0.6900)
  replace:   17
 TRAFFIC (in words)
  demand fetch:  36
  copies back:   0
